<?xml version="1.0" encoding="UTF-8"?>
<testng-results skipped="0" failed="0" ignored="0" total="2" passed="2">
  <reporter-output>
  </reporter-output>
  <suite name="Surefire suite" duration-ms="235826" started-at="2025-04-21T21:27:01 IST" finished-at="2025-04-21T21:30:57 IST">
    <groups>
      <group name="cucumber">
        <method signature="AbstractTestNGCucumberTests.runScenario(io.cucumber.testng.PickleWrapper,io.cucumber.testng.FeatureWrapper)[pri:0, instance:Happy_Path_Patient_Web_and_MR.cukes.DemoWebSpiceJet@50d0686]" name="runScenario" class="io.cucumber.testng.AbstractTestNGCucumberTests"/>
      </group> <!-- cucumber -->
    </groups>
    <test name="Surefire test" duration-ms="235826" started-at="2025-04-21T21:27:01 IST" finished-at="2025-04-21T21:30:57 IST">
      <class name="Happy_Path_Patient_Web_and_MR.cukes.DemoWebSpiceJet">
        <test-method status="PASS" signature="setUpClass()[pri:0, instance:Happy_Path_Patient_Web_and_MR.cukes.DemoWebSpiceJet@50d0686]" name="setUpClass" is-config="true" duration-ms="653" started-at="2025-04-21T21:27:01 IST" finished-at="2025-04-21T21:27:02 IST">
          <reporter-output>
          </reporter-output>
        </test-method> <!-- setUpClass -->
        <test-method status="PASS" signature="runScenario(io.cucumber.testng.PickleWrapper,io.cucumber.testng.FeatureWrapper)[pri:0, instance:Happy_Path_Patient_Web_and_MR.cukes.DemoWebSpiceJet@50d0686]" name="runScenario" duration-ms="14392" started-at="2025-04-21T21:27:02 IST" description="Runs Cucumber Scenarios" data-provider="scenarios" finished-at="2025-04-21T21:27:16 IST">
          <params>
            <param index="0">
              <value>
                <![CDATA["Launch SpiceJet Website and Validate URL is valid"]]>
              </value>
            </param>
            <param index="1">
              <value>
                <![CDATA["Optional[SpiceJet Flight Booking]"]]>
              </value>
            </param>
          </params>
          <reporter-output>
          </reporter-output>
        </test-method> <!-- runScenario -->
        <test-method status="PASS" signature="runScenario(io.cucumber.testng.PickleWrapper,io.cucumber.testng.FeatureWrapper)[pri:0, instance:Happy_Path_Patient_Web_and_MR.cukes.DemoWebSpiceJet@50d0686]" name="runScenario" duration-ms="220267" started-at="2025-04-21T21:27:16 IST" description="Runs Cucumber Scenarios" data-provider="scenarios" finished-at="2025-04-21T21:30:56 IST">
          <params>
            <param index="0">
              <value>
                <![CDATA["Check Flight One Way trip can be booked successfully"]]>
              </value>
            </param>
            <param index="1">
              <value>
                <![CDATA["Optional[SpiceJet Flight Booking]"]]>
              </value>
            </param>
          </params>
          <reporter-output>
          </reporter-output>
        </test-method> <!-- runScenario -->
        <test-method status="PASS" signature="teardown()[pri:0, instance:Happy_Path_Patient_Web_and_MR.cukes.DemoWebSpiceJet@50d0686]" name="teardown" is-config="true" duration-ms="0" started-at="2025-04-21T21:30:56 IST" finished-at="2025-04-21T21:30:56 IST">
          <reporter-output>
          </reporter-output>
        </test-method> <!-- teardown -->
        <test-method status="PASS" signature="tearDownClass()[pri:0, instance:Happy_Path_Patient_Web_and_MR.cukes.DemoWebSpiceJet@50d0686]" name="tearDownClass" is-config="true" duration-ms="487" started-at="2025-04-21T21:30:56 IST" finished-at="2025-04-21T21:30:57 IST">
          <reporter-output>
          </reporter-output>
        </test-method> <!-- tearDownClass -->
      </class> <!-- Happy_Path_Patient_Web_and_MR.cukes.DemoWebSpiceJet -->
    </test> <!-- Surefire test -->
  </suite> <!-- Surefire suite -->
</testng-results>
